# JRE version: Java(TM) SE Runtime Environment (8.0_121-b13) (build 1.8.0_121-b13)
# Java VM: Java HotSpot(TM) 64-Bit Server VM (25.121-b13 mixed mode windows-amd64 compressed oops)
Heap:
 PSYoungGen      total 204288K, used 130320K [0x00000000eab00000, 0x0000000100000000, 0x0000000100000000)
  eden space 134144K, 44% used [0x00000000eab00000,0x00000000ee5ca558,0x00000000f2e00000)
  from space 70144K, 99% used [0x00000000fbb80000,0x00000000ffff9ad0,0x0000000100000000)
  to   space 107520K, 0% used [0x00000000f2e00000,0x00000000f2e00000,0x00000000f9700000)
 ParOldGen       total 276992K, used 188672K [0x00000000c0000000, 0x00000000d0e80000, 0x00000000eab00000)
  object space 276992K, 68% used [0x00000000c0000000,0x00000000cb840008,0x00000000d0e80000)
 Metaspace       used 6737K, capacity 7352K, committed 7680K, reserved 1056768K
  class space    used 645K, capacity 688K, committed 768K, reserved 1048576K
GC Heap History (10 events):
Event: 7.622 GC heap before
{Heap before GC invocations=10 (full 2):
 PSYoungGen      total 242176K, used 13820K [0x00000000eab00000, 0x0000000100000000, 0x0000000100000000)
  eden space 228352K, 0% used [0x00000000eab00000,0x00000000eab00000,0x00000000f8a00000)
  from space 13824K, 99% used [0x00000000fc400000,0x00000000fd17f360,0x00000000fd180000)
  to   space 59392K, 0% used [0x00000000f8a00000,0x00000000f8a00000,0x00000000fc400000)
 ParOldGen       total 150528K, used 119590K [0x00000000c0000000, 0x00000000c9300000, 0x00000000eab00000)
  object space 150528K, 79% used [0x00000000c0000000,0x00000000c74c9a48,0x00000000c9300000)
 Metaspace       used 6701K, capacity 7288K, committed 7424K, reserved 1056768K
  class space    used 644K, capacity 688K, committed 768K, reserved 1048576K
Event: 8.457 GC heap after
Heap after GC invocations=10 (full 2):
 PSYoungGen      total 242176K, used 0K [0x00000000eab00000, 0x0000000100000000, 0x0000000100000000)
  eden space 228352K, 0% used [0x00000000eab00000,0x00000000eab00000,0x00000000f8a00000)
  from space 13824K, 0% used [0x00000000fc400000,0x00000000fc400000,0x00000000fd180000)
  to   space 59392K, 0% used [0x00000000f8a00000,0x00000000f8a00000,0x00000000fc400000)
 ParOldGen       total 276992K, used 128903K [0x00000000c0000000, 0x00000000d0e80000, 0x00000000eab00000)
  object space 276992K, 46% used [0x00000000c0000000,0x00000000c7de1f78,0x00000000d0e80000)
 Metaspace       used 6701K, capacity 7288K, committed 7424K, reserved 1056768K
  class space    used 644K, capacity 688K, committed 768K, reserved 1048576K
}
Event: 9.846 GC heap before
{Heap before GC invocations=11 (full 2):
 PSYoungGen      total 242176K, used 228352K [0x00000000eab00000, 0x0000000100000000, 0x0000000100000000)
  eden space 228352K, 100% used [0x00000000eab00000,0x00000000f8a00000,0x00000000f8a00000)
  from space 13824K, 0% used [0x00000000fc400000,0x00000000fc400000,0x00000000fd180000)
  to   space 59392K, 0% used [0x00000000f8a00000,0x00000000f8a00000,0x00000000fc400000)
 ParOldGen       total 276992K, used 128903K [0x00000000c0000000, 0x00000000d0e80000, 0x00000000eab00000)
  object space 276992K, 46% used [0x00000000c0000000,0x00000000c7de1f78,0x00000000d0e80000)
 Metaspace       used 6710K, capacity 7288K, committed 7424K, reserved 1056768K
  class space    used 644K, capacity 688K, committed 768K, reserved 1048576K
Event: 9.902 GC heap after
Heap after GC invocations=11 (full 2):
 PSYoungGen      total 287744K, used 33592K [0x00000000eab00000, 0x0000000100000000, 0x0000000100000000)
  eden space 228352K, 0% used [0x00000000eab00000,0x00000000eab00000,0x00000000f8a00000)
  from space 59392K, 56% used [0x00000000f8a00000,0x00000000faace190,0x00000000fc400000)
  to   space 58880K, 0% used [0x00000000fc680000,0x00000000fc680000,0x0000000100000000)
 ParOldGen       total 276992K, used 128911K [0x00000000c0000000, 0x00000000d0e80000, 0x00000000eab00000)
  object space 276992K, 46% used [0x00000000c0000000,0x00000000c7de3f78,0x00000000d0e80000)
 Metaspace       used 6710K, capacity 7288K, committed 7424K, reserved 1056768K
  class space    used 644K, capacity 688K, committed 768K, reserved 1048576K
}
Event: 11.197 GC heap before
{Heap before GC invocations=12 (full 2):
 PSYoungGen      total 287744K, used 261944K [0x00000000eab00000, 0x0000000100000000, 0x0000000100000000)
  eden space 228352K, 100% used [0x00000000eab00000,0x00000000f8a00000,0x00000000f8a00000)
  from space 59392K, 56% used [0x00000000f8a00000,0x00000000faace190,0x00000000fc400000)
  to   space 58880K, 0% used [0x00000000fc680000,0x00000000fc680000,0x0000000100000000)
 ParOldGen       total 276992K, used 128911K [0x00000000c0000000, 0x00000000d0e80000, 0x00000000eab00000)
  object space 276992K, 46% used [0x00000000c0000000,0x00000000c7de3f78,0x00000000d0e80000)
 Metaspace       used 6718K, capacity 7352K, committed 7680K, reserved 1056768K
  class space    used 644K, capacity 688K, committed 768K, reserved 1048576K
Event: 11.378 GC heap after
Heap after GC invocations=12 (full 2):
 PSYoungGen      total 267776K, used 58866K [0x00000000eab00000, 0x0000000100000000, 0x0000000100000000)
  eden space 208896K, 0% used [0x00000000eab00000,0x00000000eab00000,0x00000000f7700000)
  from space 58880K, 99% used [0x00000000fc680000,0x00000000ffffc8d8,0x0000000100000000)
  to   space 70144K, 0% used [0x00000000f7700000,0x00000000f7700000,0x00000000fbb80000)
 ParOldGen       total 276992K, used 136569K [0x00000000c0000000, 0x00000000d0e80000, 0x00000000eab00000)
  object space 276992K, 49% used [0x00000000c0000000,0x00000000c855e680,0x00000000d0e80000)
 Metaspace       used 6718K, capacity 7352K, committed 7680K, reserved 1056768K
  class space    used 644K, capacity 688K, committed 768K, reserved 1048576K
}
Event: 12.390 GC heap before
{Heap before GC invocations=13 (full 2):
 PSYoungGen      total 267776K, used 267762K [0x00000000eab00000, 0x0000000100000000, 0x0000000100000000)
  eden space 208896K, 100% used [0x00000000eab00000,0x00000000f7700000,0x00000000f7700000)
  from space 58880K, 99% used [0x00000000fc680000,0x00000000ffffc8d8,0x0000000100000000)
  to   space 70144K, 0% used [0x00000000f7700000,0x00000000f7700000,0x00000000fbb80000)
 ParOldGen       total 276992K, used 136569K [0x00000000c0000000, 0x00000000d0e80000, 0x00000000eab00000)
  object space 276992K, 49% used [0x00000000c0000000,0x00000000c855e680,0x00000000d0e80000)
 Metaspace       used 6723K, capacity 7352K, committed 7680K, reserved 1056768K
  class space    used 644K, capacity 688K, committed 768K, reserved 1048576K
Event: 12.523 GC heap after
Heap after GC invocations=13 (full 2):
 PSYoungGen      total 279040K, used 70130K [0x00000000eab00000, 0x0000000100000000, 0x0000000100000000)
  eden space 208896K, 0% used [0x00000000eab00000,0x00000000eab00000,0x00000000f7700000)
  from space 70144K, 99% used [0x00000000f7700000,0x00000000fbb7c940,0x00000000fbb80000)
  to   space 70144K, 0% used [0x00000000fbb80000,0x00000000fbb80000,0x0000000100000000)
 ParOldGen       total 276992K, used 156708K [0x00000000c0000000, 0x00000000d0e80000, 0x00000000eab00000)
  object space 276992K, 56% used [0x00000000c0000000,0x00000000c99091c8,0x00000000d0e80000)
 Metaspace       used 6723K, capacity 7352K, committed 7680K, reserved 1056768K
  class space    used 644K, capacity 688K, committed 768K, reserved 1048576K
}
Event: 13.603 GC heap before
{Heap before GC invocations=14 (full 2):
 PSYoungGen      total 279040K, used 279026K [0x00000000eab00000, 0x0000000100000000, 0x0000000100000000)
  eden space 208896K, 100% used [0x00000000eab00000,0x00000000f7700000,0x00000000f7700000)
  from space 70144K, 99% used [0x00000000f7700000,0x00000000fbb7c940,0x00000000fbb80000)
  to   space 70144K, 0% used [0x00000000fbb80000,0x00000000fbb80000,0x0000000100000000)
 ParOldGen       total 276992K, used 156708K [0x00000000c0000000, 0x00000000d0e80000, 0x00000000eab00000)
  object space 276992K, 56% used [0x00000000c0000000,0x00000000c99091c8,0x00000000d0e80000)
 Metaspace       used 6727K, capacity 7352K, committed 7680K, reserved 1056768K
  class space    used 644K, capacity 688K, committed 768K, reserved 1048576K
Event: 13.764 GC heap after
Heap after GC invocations=14 (full 2):
 PSYoungGen      total 204288K, used 70118K [0x00000000eab00000, 0x0000000100000000, 0x0000000100000000)
  eden space 134144K, 0% used [0x00000000eab00000,0x00000000eab00000,0x00000000f2e00000)
  from space 70144K, 99% used [0x00000000fbb80000,0x00000000ffff9ad0,0x0000000100000000)
  to   space 107520K, 0% used [0x00000000f2e00000,0x00000000f2e00000,0x00000000f9700000)
 ParOldGen       total 276992K, used 188672K [0x00000000c0000000, 0x00000000d0e80000, 0x00000000eab00000)
  object space 276992K, 68% used [0x00000000c0000000,0x00000000cb840008,0x00000000d0e80000)
 Metaspace       used 6727K, capacity 7352K, committed 7680K, reserved 1056768K
  class space    used 644K, capacity 688K, committed 768K, reserved 1048576K
}

