# JRE version: Java(TM) SE Runtime Environment (8.0_121-b13) (build 1.8.0_121-b13)
# Java VM: Java HotSpot(TM) 64-Bit Server VM (25.121-b13 mixed mode windows-amd64 compressed oops)
Heap:
 PSYoungGen      total 296448K, used 195134K [0x00000000eab00000, 0x0000000100000000, 0x0000000100000000)
  eden space 250880K, 77% used [0x00000000eab00000,0x00000000f698f9b0,0x00000000fa000000)
  from space 45568K, 0% used [0x00000000fa000000,0x00000000fa000000,0x00000000fcc80000)
  to   space 52736K, 0% used [0x00000000fcc80000,0x00000000fcc80000,0x0000000100000000)
 ParOldGen       total 87552K, used 87357K [0x00000000c0000000, 0x00000000c5580000, 0x00000000eab00000)
  object space 87552K, 99% used [0x00000000c0000000,0x00000000c554f480,0x00000000c5580000)
 Metaspace       used 6737K, capacity 7352K, committed 7680K, reserved 1056768K
  class space    used 645K, capacity 688K, committed 768K, reserved 1048576K
GC Heap History (10 events):
Event: 12.038 GC heap before
{Heap before GC invocations=12 (full 3):
 PSYoungGen      total 296448K, used 250880K [0x00000000eab00000, 0x0000000100000000, 0x0000000100000000)
  eden space 250880K, 100% used [0x00000000eab00000,0x00000000fa000000,0x00000000fa000000)
  from space 45568K, 0% used [0x00000000fa000000,0x00000000fa000000,0x00000000fcc80000)
  to   space 52736K, 0% used [0x00000000fcc80000,0x00000000fcc80000,0x0000000100000000)
 ParOldGen       total 87552K, used 87458K [0x00000000c0000000, 0x00000000c5580000, 0x00000000eab00000)
  object space 87552K, 99% used [0x00000000c0000000,0x00000000c5568a38,0x00000000c5580000)
 Metaspace       used 6718K, capacity 7352K, committed 7680K, reserved 1056768K
  class space    used 644K, capacity 688K, committed 768K, reserved 1048576K
Event: 13.134 GC heap after
Heap after GC invocations=12 (full 3):
 PSYoungGen      total 296448K, used 95096K [0x00000000eab00000, 0x0000000100000000, 0x0000000100000000)
  eden space 250880K, 37% used [0x00000000eab00000,0x00000000f07de250,0x00000000fa000000)
  from space 45568K, 0% used [0x00000000fa000000,0x00000000fa000000,0x00000000fcc80000)
  to   space 52736K, 0% used [0x00000000fcc80000,0x00000000fcc80000,0x0000000100000000)
 ParOldGen       total 87552K, used 87358K [0x00000000c0000000, 0x00000000c5580000, 0x00000000eab00000)
  object space 87552K, 99% used [0x00000000c0000000,0x00000000c554fa40,0x00000000c5580000)
 Metaspace       used 6718K, capacity 7352K, committed 7680K, reserved 1056768K
  class space    used 644K, capacity 688K, committed 768K, reserved 1048576K
}
Event: 13.959 GC heap before
{Heap before GC invocations=13 (full 4):
 PSYoungGen      total 296448K, used 250880K [0x00000000eab00000, 0x0000000100000000, 0x0000000100000000)
  eden space 250880K, 100% used [0x00000000eab00000,0x00000000fa000000,0x00000000fa000000)
  from space 45568K, 0% used [0x00000000fa000000,0x00000000fa000000,0x00000000fcc80000)
  to   space 52736K, 0% used [0x00000000fcc80000,0x00000000fcc80000,0x0000000100000000)
 ParOldGen       total 87552K, used 87358K [0x00000000c0000000, 0x00000000c5580000, 0x00000000eab00000)
  object space 87552K, 99% used [0x00000000c0000000,0x00000000c554fa40,0x00000000c5580000)
 Metaspace       used 6723K, capacity 7352K, committed 7680K, reserved 1056768K
  class space    used 644K, capacity 688K, committed 768K, reserved 1048576K
Event: 15.410 GC heap after
Heap after GC invocations=13 (full 4):
 PSYoungGen      total 296448K, used 118929K [0x00000000eab00000, 0x0000000100000000, 0x0000000100000000)
  eden space 250880K, 47% used [0x00000000eab00000,0x00000000f1f244d8,0x00000000fa000000)
  from space 45568K, 0% used [0x00000000fa000000,0x00000000fa000000,0x00000000fcc80000)
  to   space 52736K, 0% used [0x00000000fcc80000,0x00000000fcc80000,0x0000000100000000)
 ParOldGen       total 87552K, used 87357K [0x00000000c0000000, 0x00000000c5580000, 0x00000000eab00000)
  object space 87552K, 99% used [0x00000000c0000000,0x00000000c554f760,0x00000000c5580000)
 Metaspace       used 6723K, capacity 7352K, committed 7680K, reserved 1056768K
  class space    used 644K, capacity 688K, committed 768K, reserved 1048576K
}
Event: 16.062 GC heap before
{Heap before GC invocations=14 (full 5):
 PSYoungGen      total 296448K, used 250880K [0x00000000eab00000, 0x0000000100000000, 0x0000000100000000)
  eden space 250880K, 100% used [0x00000000eab00000,0x00000000fa000000,0x00000000fa000000)
  from space 45568K, 0% used [0x00000000fa000000,0x00000000fa000000,0x00000000fcc80000)
  to   space 52736K, 0% used [0x00000000fcc80000,0x00000000fcc80000,0x0000000100000000)
 ParOldGen       total 87552K, used 87357K [0x00000000c0000000, 0x00000000c5580000, 0x00000000eab00000)
  object space 87552K, 99% used [0x00000000c0000000,0x00000000c554f760,0x00000000c5580000)
 Metaspace       used 6724K, capacity 7352K, committed 7680K, reserved 1056768K
  class space    used 644K, capacity 688K, committed 768K, reserved 1048576K
Event: 17.638 GC heap after
Heap after GC invocations=14 (full 5):
 PSYoungGen      total 296448K, used 137328K [0x00000000eab00000, 0x0000000100000000, 0x0000000100000000)
  eden space 250880K, 54% used [0x00000000eab00000,0x00000000f311c090,0x00000000fa000000)
  from space 45568K, 0% used [0x00000000fa000000,0x00000000fa000000,0x00000000fcc80000)
  to   space 52736K, 0% used [0x00000000fcc80000,0x00000000fcc80000,0x0000000100000000)
 ParOldGen       total 87552K, used 87357K [0x00000000c0000000, 0x00000000c5580000, 0x00000000eab00000)
  object space 87552K, 99% used [0x00000000c0000000,0x00000000c554f580,0x00000000c5580000)
 Metaspace       used 6724K, capacity 7352K, committed 7680K, reserved 1056768K
  class space    used 644K, capacity 688K, committed 768K, reserved 1048576K
}
Event: 18.187 GC heap before
{Heap before GC invocations=15 (full 6):
 PSYoungGen      total 296448K, used 250880K [0x00000000eab00000, 0x0000000100000000, 0x0000000100000000)
  eden space 250880K, 100% used [0x00000000eab00000,0x00000000fa000000,0x00000000fa000000)
  from space 45568K, 0% used [0x00000000fa000000,0x00000000fa000000,0x00000000fcc80000)
  to   space 52736K, 0% used [0x00000000fcc80000,0x00000000fcc80000,0x0000000100000000)
 ParOldGen       total 87552K, used 87357K [0x00000000c0000000, 0x00000000c5580000, 0x00000000eab00000)
  object space 87552K, 99% used [0x00000000c0000000,0x00000000c554f580,0x00000000c5580000)
 Metaspace       used 6728K, capacity 7352K, committed 7680K, reserved 1056768K
  class space    used 644K, capacity 688K, committed 768K, reserved 1048576K
Event: 19.757 GC heap after
Heap after GC invocations=15 (full 6):
 PSYoungGen      total 296448K, used 153359K [0x00000000eab00000, 0x0000000100000000, 0x0000000100000000)
  eden space 250880K, 61% used [0x00000000eab00000,0x00000000f40c3de8,0x00000000fa000000)
  from space 45568K, 0% used [0x00000000fa000000,0x00000000fa000000,0x00000000fcc80000)
  to   space 52736K, 0% used [0x00000000fcc80000,0x00000000fcc80000,0x0000000100000000)
 ParOldGen       total 87552K, used 87357K [0x00000000c0000000, 0x00000000c5580000, 0x00000000eab00000)
  object space 87552K, 99% used [0x00000000c0000000,0x00000000c554f4e0,0x00000000c5580000)
 Metaspace       used 6728K, capacity 7352K, committed 7680K, reserved 1056768K
  class space    used 644K, capacity 688K, committed 768K, reserved 1048576K
}
Event: 20.215 GC heap before
{Heap before GC invocations=16 (full 7):
 PSYoungGen      total 296448K, used 250880K [0x00000000eab00000, 0x0000000100000000, 0x0000000100000000)
  eden space 250880K, 100% used [0x00000000eab00000,0x00000000fa000000,0x00000000fa000000)
  from space 45568K, 0% used [0x00000000fa000000,0x00000000fa000000,0x00000000fcc80000)
  to   space 52736K, 0% used [0x00000000fcc80000,0x00000000fcc80000,0x0000000100000000)
 ParOldGen       total 87552K, used 87357K [0x00000000c0000000, 0x00000000c5580000, 0x00000000eab00000)
  object space 87552K, 99% used [0x00000000c0000000,0x00000000c554f4e0,0x00000000c5580000)
 Metaspace       used 6735K, capacity 7352K, committed 7680K, reserved 1056768K
  class space    used 644K, capacity 688K, committed 768K, reserved 1048576K
Event: 21.591 GC heap after
Heap after GC invocations=16 (full 7):
 PSYoungGen      total 296448K, used 168539K [0x00000000eab00000, 0x0000000100000000, 0x0000000100000000)
  eden space 250880K, 67% used [0x00000000eab00000,0x00000000f4f96cb8,0x00000000fa000000)
  from space 45568K, 0% used [0x00000000fa000000,0x00000000fa000000,0x00000000fcc80000)
  to   space 52736K, 0% used [0x00000000fcc80000,0x00000000fcc80000,0x0000000100000000)
 ParOldGen       total 87552K, used 87357K [0x00000000c0000000, 0x00000000c5580000, 0x00000000eab00000)
  object space 87552K, 99% used [0x00000000c0000000,0x00000000c554f480,0x00000000c5580000)
 Metaspace       used 6735K, capacity 7352K, committed 7680K, reserved 1056768K
  class space    used 644K, capacity 688K, committed 768K, reserved 1048576K
}

