# JRE version: Java(TM) SE Runtime Environment (8.0_121-b13) (build 1.8.0_121-b13)
# Java VM: Java HotSpot(TM) 64-Bit Server VM (25.121-b13 mixed mode windows-amd64 compressed oops)
Heap:
 PSYoungGen      total 268288K, used 268235K [0x00000000eab00000, 0x0000000100000000, 0x0000000100000000)
  eden space 194048K, 100% used [0x00000000eab00000,0x00000000f6880000,0x00000000f6880000)
  from space 74240K, 99% used [0x00000000f6880000,0x00000000fb0f2d88,0x00000000fb100000)
  to   space 80896K, 77% used [0x00000000fb100000,0x00000000fedf2dd8,0x0000000100000000)
 ParOldGen       total 310272K, used 168741K [0x00000000c0000000, 0x00000000d2f00000, 0x00000000eab00000)
  object space 310272K, 54% used [0x00000000c0000000,0x00000000ca4c9560,0x00000000d2f00000)
 Metaspace       used 6748K, capacity 7352K, committed 7680K, reserved 1056768K
  class space    used 645K, capacity 688K, committed 768K, reserved 1048576K
GC Heap History (10 events):
Event: 15.274 GC heap after
Heap after GC invocations=11 (full 1):
 PSYoungGen      total 242688K, used 53222K [0x00000000eab00000, 0x0000000100000000, 0x0000000100000000)
  eden space 189440K, 0% used [0x00000000eab00000,0x00000000eab00000,0x00000000f6400000)
  from space 53248K, 99% used [0x00000000fcc00000,0x00000000ffff9b68,0x0000000100000000)
  to   space 79872K, 0% used [0x00000000f6400000,0x00000000f6400000,0x00000000fb200000)
 ParOldGen       total 168960K, used 110424K [0x00000000c0000000, 0x00000000ca500000, 0x00000000eab00000)
  object space 168960K, 65% used [0x00000000c0000000,0x00000000c6bd6180,0x00000000ca500000)
 Metaspace       used 6710K, capacity 7288K, committed 7424K, reserved 1056768K
  class space    used 644K, capacity 688K, committed 768K, reserved 1048576K
}
Event: 17.230 GC heap before
{Heap before GC invocations=12 (full 1):
 PSYoungGen      total 242688K, used 242662K [0x00000000eab00000, 0x0000000100000000, 0x0000000100000000)
  eden space 189440K, 100% used [0x00000000eab00000,0x00000000f6400000,0x00000000f6400000)
  from space 53248K, 99% used [0x00000000fcc00000,0x00000000ffff9b68,0x0000000100000000)
  to   space 79872K, 0% used [0x00000000f6400000,0x00000000f6400000,0x00000000fb200000)
 ParOldGen       total 168960K, used 110424K [0x00000000c0000000, 0x00000000ca500000, 0x00000000eab00000)
  object space 168960K, 65% used [0x00000000c0000000,0x00000000c6bd6180,0x00000000ca500000)
 Metaspace       used 6718K, capacity 7352K, committed 7680K, reserved 1056768K
  class space    used 644K, capacity 688K, committed 768K, reserved 1048576K
Event: 17.415 GC heap after
Heap after GC invocations=12 (full 1):
 PSYoungGen      total 269312K, used 28727K [0x00000000eab00000, 0x0000000100000000, 0x0000000100000000)
  eden space 189440K, 0% used [0x00000000eab00000,0x00000000eab00000,0x00000000f6400000)
  from space 79872K, 35% used [0x00000000f6400000,0x00000000f800dc68,0x00000000fb200000)
  to   space 75264K, 0% used [0x00000000fb680000,0x00000000fb680000,0x0000000100000000)
 ParOldGen       total 168960K, used 161771K [0x00000000c0000000, 0x00000000ca500000, 0x00000000eab00000)
  object space 168960K, 95% used [0x00000000c0000000,0x00000000c9dfad08,0x00000000ca500000)
 Metaspace       used 6718K, capacity 7352K, committed 7680K, reserved 1056768K
  class space    used 644K, capacity 688K, committed 768K, reserved 1048576K
}
Event: 17.415 GC heap before
{Heap before GC invocations=13 (full 2):
 PSYoungGen      total 269312K, used 28727K [0x00000000eab00000, 0x0000000100000000, 0x0000000100000000)
  eden space 189440K, 0% used [0x00000000eab00000,0x00000000eab00000,0x00000000f6400000)
  from space 79872K, 35% used [0x00000000f6400000,0x00000000f800dc68,0x00000000fb200000)
  to   space 75264K, 0% used [0x00000000fb680000,0x00000000fb680000,0x0000000100000000)
 ParOldGen       total 168960K, used 161771K [0x00000000c0000000, 0x00000000ca500000, 0x00000000eab00000)
  object space 168960K, 95% used [0x00000000c0000000,0x00000000c9dfad08,0x00000000ca500000)
 Metaspace       used 6718K, capacity 7352K, committed 7680K, reserved 1056768K
  class space    used 644K, capacity 688K, committed 768K, reserved 1048576K
Event: 19.319 GC heap after
Heap after GC invocations=13 (full 2):
 PSYoungGen      total 269312K, used 17754K [0x00000000eab00000, 0x0000000100000000, 0x0000000100000000)
  eden space 189440K, 0% used [0x00000000eab00000,0x00000000eab00000,0x00000000f6400000)
  from space 79872K, 22% used [0x00000000f6400000,0x00000000f75568d8,0x00000000fb200000)
  to   space 75264K, 0% used [0x00000000fb680000,0x00000000fb680000,0x0000000100000000)
 ParOldGen       total 310272K, used 168733K [0x00000000c0000000, 0x00000000d2f00000, 0x00000000eab00000)
  object space 310272K, 54% used [0x00000000c0000000,0x00000000ca4c7560,0x00000000d2f00000)
 Metaspace       used 6718K, capacity 7352K, committed 7680K, reserved 1056768K
  class space    used 644K, capacity 688K, committed 768K, reserved 1048576K
}
Event: 20.851 GC heap before
{Heap before GC invocations=14 (full 2):
 PSYoungGen      total 269312K, used 207194K [0x00000000eab00000, 0x0000000100000000, 0x0000000100000000)
  eden space 189440K, 100% used [0x00000000eab00000,0x00000000f6400000,0x00000000f6400000)
  from space 79872K, 22% used [0x00000000f6400000,0x00000000f75568d8,0x00000000fb200000)
  to   space 75264K, 0% used [0x00000000fb680000,0x00000000fb680000,0x0000000100000000)
 ParOldGen       total 310272K, used 168733K [0x00000000c0000000, 0x00000000d2f00000, 0x00000000eab00000)
  object space 310272K, 54% used [0x00000000c0000000,0x00000000ca4c7560,0x00000000d2f00000)
 Metaspace       used 6723K, capacity 7352K, committed 7680K, reserved 1056768K
  class space    used 644K, capacity 688K, committed 768K, reserved 1048576K
Event: 21.026 GC heap after
Heap after GC invocations=14 (full 2):
 PSYoungGen      total 267776K, used 46958K [0x00000000eab00000, 0x00000000ffe80000, 0x0000000100000000)
  eden space 194048K, 0% used [0x00000000eab00000,0x00000000eab00000,0x00000000f6880000)
  from space 73728K, 63% used [0x00000000fb680000,0x00000000fe45ba10,0x00000000ffe80000)
  to   space 76800K, 0% used [0x00000000f6880000,0x00000000f6880000,0x00000000fb380000)
 ParOldGen       total 310272K, used 168733K [0x00000000c0000000, 0x00000000d2f00000, 0x00000000eab00000)
  object space 310272K, 54% used [0x00000000c0000000,0x00000000ca4c7560,0x00000000d2f00000)
 Metaspace       used 6723K, capacity 7352K, committed 7680K, reserved 1056768K
  class space    used 644K, capacity 688K, committed 768K, reserved 1048576K
}
Event: 22.851 GC heap before
{Heap before GC invocations=15 (full 2):
 PSYoungGen      total 267776K, used 241006K [0x00000000eab00000, 0x00000000ffe80000, 0x0000000100000000)
  eden space 194048K, 100% used [0x00000000eab00000,0x00000000f6880000,0x00000000f6880000)
  from space 73728K, 63% used [0x00000000fb680000,0x00000000fe45ba10,0x00000000ffe80000)
  to   space 76800K, 0% used [0x00000000f6880000,0x00000000f6880000,0x00000000fb380000)
 ParOldGen       total 310272K, used 168733K [0x00000000c0000000, 0x00000000d2f00000, 0x00000000eab00000)
  object space 310272K, 54% used [0x00000000c0000000,0x00000000ca4c7560,0x00000000d2f00000)
 Metaspace       used 6729K, capacity 7352K, committed 7680K, reserved 1056768K
  class space    used 645K, capacity 688K, committed 768K, reserved 1048576K
Event: 22.994 GC heap after
Heap after GC invocations=15 (full 2):
 PSYoungGen      total 268288K, used 74187K [0x00000000eab00000, 0x0000000100000000, 0x0000000100000000)
  eden space 194048K, 0% used [0x00000000eab00000,0x00000000eab00000,0x00000000f6880000)
  from space 74240K, 99% used [0x00000000f6880000,0x00000000fb0f2d88,0x00000000fb100000)
  to   space 80896K, 0% used [0x00000000fb100000,0x00000000fb100000,0x0000000100000000)
 ParOldGen       total 310272K, used 168741K [0x00000000c0000000, 0x00000000d2f00000, 0x00000000eab00000)
  object space 310272K, 54% used [0x00000000c0000000,0x00000000ca4c9560,0x00000000d2f00000)
 Metaspace       used 6729K, capacity 7352K, committed 7680K, reserved 1056768K
  class space    used 645K, capacity 688K, committed 768K, reserved 1048576K
}
Event: 24.320 GC heap before
{Heap before GC invocations=16 (full 2):
 PSYoungGen      total 268288K, used 268235K [0x00000000eab00000, 0x0000000100000000, 0x0000000100000000)
  eden space 194048K, 100% used [0x00000000eab00000,0x00000000f6880000,0x00000000f6880000)
  from space 74240K, 99% used [0x00000000f6880000,0x00000000fb0f2d88,0x00000000fb100000)
  to   space 80896K, 0% used [0x00000000fb100000,0x00000000fb100000,0x0000000100000000)
 ParOldGen       total 310272K, used 168741K [0x00000000c0000000, 0x00000000d2f00000, 0x00000000eab00000)
  object space 310272K, 54% used [0x00000000c0000000,0x00000000ca4c9560,0x00000000d2f00000)
 Metaspace       used 6748K, capacity 7352K, committed 7680K, reserved 1056768K
  class space    used 645K, capacity 688K, committed 768K, reserved 1048576K

